2025-10-22 04:11:13,838 - INFO - Initialized SyntheticDataGenerator with seed=42
2025-10-22 04:11:13,838 - INFO - Downloading dataset rohitsahoo/sales-forecasting into data
2025-10-22 04:11:13,890 - WARNING - Kaggle download failed: HTTPSConnectionPool(host='www.kaggle.com', port=443): Max retries exceeded with url: /api/v1/datasets/view/rohitsahoo/sales-forecasting (Caused by NameResolutionError("<urllib3.connection.HTTPSConnection object at 0x7ed5051e87d0>: Failed to resolve 'www.kaggle.com' ([Errno -2] Name or service not known)"))
2025-10-22 04:11:13,890 - INFO - Base dataset not found; proceeding with fully synthetic data
2025-10-22 04:11:13,890 - INFO - Generating synthetic dataset with 5000 rows
2025-10-22 04:11:13,890 - INFO - Generating 5000 synthetic rows...
2025-10-22 04:11:14,261 - INFO - Successfully generated 5000 synthetic rows
2025-10-22 04:11:14,316 - INFO - Could not find local file-backed GX project
2025-10-22 04:11:14,316 - INFO - Created temporary directory '/tmp/tmpgvapcf2w' for ephemeral docs site
2025-10-22 04:11:14,317 - INFO - Loading 'datasources' ->
[]
2025-10-22 04:11:14,354 - INFO - Data quality checks success=True
2025-10-22 04:11:14,368 - INFO - Saved enriched dataset to data/sales_enriched.parquet
2025-10-22 04:11:14,370 - INFO - Saved yearly summary to data/yearly.csv
2025-10-22 04:11:14,370 - INFO - Saved segment_yearly summary to data/segment_yearly.csv
2025-10-22 04:11:14,370 - INFO - Saved regional_revenue summary to data/regional_revenue.csv
2025-10-22 04:11:14,371 - INFO - Saved top_products summary to data/top_products.csv
2025-10-22 04:11:14,371 - INFO - Saved data quality report to data/quality_report.json
2025-10-22 04:11:14,462 - INFO - Persisted analytics tables into data/sales_analytics.duckdb
2025-10-22 04:11:46,365 - INFO - Initialized SyntheticDataGenerator with seed=42
2025-10-22 04:11:46,366 - INFO - Downloading dataset rohitsahoo/sales-forecasting into data
2025-10-22 04:11:46,418 - WARNING - Kaggle download failed: HTTPSConnectionPool(host='www.kaggle.com', port=443): Max retries exceeded with url: /api/v1/datasets/view/rohitsahoo/sales-forecasting (Caused by NameResolutionError("<urllib3.connection.HTTPSConnection object at 0x7a0a3bb41ac0>: Failed to resolve 'www.kaggle.com' ([Errno -2] Name or service not known)"))
2025-10-22 04:11:46,418 - INFO - Base dataset not found; proceeding with fully synthetic data
2025-10-22 04:11:46,418 - INFO - Generating synthetic dataset with 5000 rows
2025-10-22 04:11:46,418 - INFO - Generating 5000 synthetic rows...
2025-10-22 04:11:46,788 - INFO - Successfully generated 5000 synthetic rows
2025-10-22 04:11:46,803 - INFO - Could not find local file-backed GX project
2025-10-22 04:11:46,803 - INFO - Created temporary directory '/tmp/tmp05xr32p4' for ephemeral docs site
2025-10-22 04:11:46,803 - INFO - Loading 'datasources' ->
[]
2025-10-22 04:11:46,843 - INFO - Data quality checks success=True
2025-10-22 04:11:46,847 - INFO - Saved enriched dataset to data/sales_enriched.parquet
2025-10-22 04:11:46,847 - INFO - Saved yearly summary to data/yearly.csv
2025-10-22 04:11:46,848 - INFO - Saved segment_yearly summary to data/segment_yearly.csv
2025-10-22 04:11:46,848 - INFO - Saved regional_revenue summary to data/regional_revenue.csv
2025-10-22 04:11:46,848 - INFO - Saved top_products summary to data/top_products.csv
2025-10-22 04:11:46,848 - INFO - Saved data quality report to data/quality_report.json
2025-10-22 04:11:46,911 - INFO - Persisted analytics tables into data/sales_analytics.duckdb
2025-10-22 04:28:26,664 - INFO - Initialized SyntheticDataGenerator with seed=42
2025-10-22 04:28:26,665 - INFO - Downloading dataset rohitsahoo/sales-forecasting into data
2025-10-22 04:28:27,762 - WARNING - Kaggle download failed: 404 Client Error.

Resource not found at URL: https://www.kaggle.com/datasets/rohitsahoo/sales-forecasting/versions/2
The server reported the following issues: Dataset not found
Please make sure you specified the correct resource identifiers.
2025-10-22 04:28:27,762 - INFO - Base dataset not found; proceeding with fully synthetic data
2025-10-22 04:28:27,763 - INFO - Generating synthetic dataset with 5000 rows
2025-10-22 04:28:27,763 - INFO - Generating 5000 synthetic rows...
2025-10-22 04:28:28,111 - INFO - Successfully generated 5000 synthetic rows
2025-10-22 04:28:28,124 - INFO - Could not find local file-backed GX project
2025-10-22 04:28:28,125 - INFO - Created temporary directory '/tmp/tmp6r7zgynt' for ephemeral docs site
2025-10-22 04:28:28,125 - INFO - Loading 'datasources' ->
[]
2025-10-22 04:28:28,162 - INFO - Data quality checks success=True
2025-10-22 04:28:28,166 - INFO - Saved enriched dataset to data/sales_enriched.parquet
2025-10-22 04:28:28,166 - INFO - Saved yearly summary to data/yearly.csv
2025-10-22 04:28:28,167 - INFO - Saved segment_yearly summary to data/segment_yearly.csv
2025-10-22 04:28:28,167 - INFO - Saved regional_revenue summary to data/regional_revenue.csv
2025-10-22 04:28:28,167 - INFO - Saved top_products summary to data/top_products.csv
2025-10-22 04:28:28,167 - INFO - Saved data quality report to data/quality_report.json
2025-10-22 04:28:28,229 - INFO - Persisted analytics tables into data/sales_analytics.duckdb
2025-10-22 04:41:59,378 - INFO - Initialized SyntheticDataGenerator with seed=42
2025-10-22 04:41:59,378 - INFO - Downloading dataset rohitsahoo/sales-forecasting into data
2025-10-22 04:42:00,310 - WARNING - Kaggle download failed: 404 Client Error.

Resource not found at URL: https://www.kaggle.com/datasets/rohitsahoo/sales-forecasting/versions/2
The server reported the following issues: Dataset not found
Please make sure you specified the correct resource identifiers.
2025-10-22 04:42:00,312 - INFO - Base dataset not found; proceeding with fully synthetic data
2025-10-22 04:42:00,313 - INFO - Generating synthetic dataset with 5000 rows
2025-10-22 04:42:00,313 - INFO - Generating 5000 synthetic rows...
2025-10-22 04:42:00,657 - INFO - Successfully generated 5000 synthetic rows
2025-10-22 04:42:00,671 - INFO - Could not find local file-backed GX project
2025-10-22 04:42:00,671 - INFO - Created temporary directory '/tmp/tmpifvd73oy' for ephemeral docs site
2025-10-22 04:42:00,671 - INFO - Loading 'datasources' ->
[]
2025-10-22 04:42:00,710 - INFO - Data quality checks success=True
2025-10-22 04:42:00,714 - INFO - Saved enriched dataset to data/sales_enriched.parquet
2025-10-22 04:42:00,715 - INFO - Saved yearly summary to data/yearly.csv
2025-10-22 04:42:00,715 - INFO - Saved segment_yearly summary to data/segment_yearly.csv
2025-10-22 04:42:00,715 - INFO - Saved regional_revenue summary to data/regional_revenue.csv
2025-10-22 04:42:00,715 - INFO - Saved top_products summary to data/top_products.csv
2025-10-22 04:42:00,716 - INFO - Saved data quality report to data/quality_report.json
2025-10-22 04:42:00,779 - INFO - Persisted analytics tables into data/sales_analytics.duckdb
2025-10-22 05:25:59,897 - INFO - Initialized SyntheticDataGenerator with seed=42
2025-10-22 05:25:59,898 - INFO - Downloading dataset rohitsahoo/sales-forecasting into data
2025-10-22 05:26:00,862 - WARNING - Kaggle download failed for rohitsahoo/sales-forecasting: 404 Client Error.

Resource not found at URL: https://www.kaggle.com/datasets/rohitsahoo/sales-forecasting/versions/2
The server reported the following issues: Dataset not found
Please make sure you specified the correct resource identifiers.
2025-10-22 05:26:00,864 - INFO - Base dataset not found; proceeding with fully synthetic data
2025-10-22 05:26:00,864 - INFO - Generating synthetic dataset with 5000 rows
2025-10-22 05:26:00,865 - INFO - Generating 5000 synthetic rows...
2025-10-22 05:26:01,209 - INFO - Successfully generated 5000 synthetic rows
2025-10-22 05:26:01,223 - INFO - Could not find local file-backed GX project
2025-10-22 05:26:01,223 - INFO - Created temporary directory '/tmp/tmp10hzxzxv' for ephemeral docs site
2025-10-22 05:26:01,223 - INFO - Loading 'datasources' ->
[]
2025-10-22 05:26:01,273 - INFO - Data quality checks success=True
2025-10-22 05:26:01,276 - INFO - Saved enriched dataset to data/sales_enriched.parquet
2025-10-22 05:26:01,276 - INFO - Saved yearly summary to data/yearly.csv
2025-10-22 05:26:01,277 - INFO - Saved segment_yearly summary to data/segment_yearly.csv
2025-10-22 05:26:01,277 - INFO - Saved regional_revenue summary to data/regional_revenue.csv
2025-10-22 05:26:01,277 - INFO - Saved top_products summary to data/top_products.csv
2025-10-22 05:26:01,277 - INFO - Saved data quality report to data/quality_report.json
2025-10-22 05:26:01,338 - INFO - Persisted analytics tables into data/sales_analytics.duckdb
2025-10-22 05:32:00,642 - INFO - Initialized SyntheticDataGenerator with seed=42
2025-10-22 05:32:00,643 - INFO - Downloading dataset rohitsahoo/sales-forecasting into data
2025-10-22 05:32:01,528 - WARNING - Kaggle download failed for rohitsahoo/sales-forecasting: 404 Client Error.

Resource not found at URL: https://www.kaggle.com/datasets/rohitsahoo/sales-forecasting/versions/2
The server reported the following issues: Dataset not found
Please make sure you specified the correct resource identifiers.
2025-10-22 05:32:01,531 - INFO - Used cached dataset for rohitsahoo/sales-forecasting -> data/train.csv
2025-10-22 05:35:40,416 - INFO - Initialized SyntheticDataGenerator with seed=42
2025-10-22 05:35:40,448 - INFO - Augmenting base dataset (9804 rows) with 5000 synthetic rows
2025-10-22 05:35:40,448 - INFO - Generating 5000 synthetic rows...
2025-10-22 05:35:40,822 - INFO - Successfully generated 5000 synthetic rows
2025-10-22 05:36:25,447 - INFO - Initialized SyntheticDataGenerator with seed=42
2025-10-22 05:36:32,174 - INFO - Initialized SyntheticDataGenerator with seed=42
2025-10-22 05:36:32,198 - INFO - Augmenting base dataset (9804 rows) with 5000 synthetic rows
2025-10-22 05:36:32,198 - INFO - Generating 5000 synthetic rows...
2025-10-22 05:36:32,556 - INFO - Successfully generated 5000 synthetic rows
2025-10-22 05:36:42,903 - INFO - Initialized SyntheticDataGenerator with seed=42
2025-10-22 05:36:42,924 - INFO - Initialized SyntheticDataGenerator with seed=42
2025-10-22 05:36:42,924 - INFO - Generating 1 synthetic rows...
2025-10-22 05:36:42,925 - INFO - Successfully generated 1 synthetic rows
2025-10-22 05:37:45,268 - INFO - Initialized SyntheticDataGenerator with seed=42
2025-10-22 05:37:45,293 - INFO - Augmenting base dataset (9804 rows) with 5000 synthetic rows
2025-10-22 05:37:45,294 - INFO - Generating 5000 synthetic rows...
2025-10-22 05:37:45,667 - INFO - Successfully generated 5000 synthetic rows
2025-10-22 05:37:45,669 - INFO - Augmented data: 9804 original + 5000 synthetic = 14804 total rows
2025-10-22 05:37:45,695 - INFO - Could not find local file-backed GX project
2025-10-22 05:37:45,696 - INFO - Created temporary directory '/tmp/tmpo9kkuhw9' for ephemeral docs site
2025-10-22 05:37:45,696 - INFO - Loading 'datasources' ->
[]
2025-10-22 05:37:45,746 - INFO - Data quality checks success=False
2025-10-22 05:37:45,752 - INFO - Saved enriched dataset to data/sales_enriched.parquet
2025-10-22 05:37:45,753 - INFO - Saved yearly summary to data/yearly.csv
2025-10-22 05:37:45,753 - INFO - Saved segment_yearly summary to data/segment_yearly.csv
2025-10-22 05:37:45,753 - INFO - Saved regional_revenue summary to data/regional_revenue.csv
2025-10-22 05:37:45,754 - INFO - Saved top_products summary to data/top_products.csv
2025-10-22 05:37:45,754 - INFO - Saved data quality report to data/quality_report.json
2025-10-22 05:37:45,845 - INFO - Persisted analytics tables into data/sales_analytics.duckdb
2025-10-22 05:38:56,736 - INFO - Initialized SyntheticDataGenerator with seed=42
2025-10-22 05:38:56,760 - INFO - Augmenting base dataset (9804 rows) with 5000 synthetic rows
2025-10-22 05:38:56,760 - INFO - Generating 5000 synthetic rows...
2025-10-22 05:38:57,094 - INFO - Successfully generated 5000 synthetic rows
2025-10-22 05:38:57,096 - INFO - Augmented data: 9804 original + 5000 synthetic = 14804 total rows
2025-10-22 05:38:57,116 - INFO - Could not find local file-backed GX project
2025-10-22 05:38:57,117 - INFO - Created temporary directory '/tmp/tmpndzvtfhp' for ephemeral docs site
2025-10-22 05:38:57,117 - INFO - Loading 'datasources' ->
[]
2025-10-22 05:38:57,166 - INFO - Data quality checks success=False
2025-10-22 05:38:57,173 - INFO - Saved enriched dataset to data/sales_enriched.parquet
2025-10-22 05:38:57,173 - INFO - Saved yearly summary to data/yearly.csv
2025-10-22 05:38:57,174 - INFO - Saved segment_yearly summary to data/segment_yearly.csv
2025-10-22 05:38:57,174 - INFO - Saved regional_revenue summary to data/regional_revenue.csv
2025-10-22 05:38:57,174 - INFO - Saved top_products summary to data/top_products.csv
2025-10-22 05:38:57,174 - INFO - Saved data quality report to data/quality_report.json
2025-10-22 05:38:57,269 - INFO - Persisted analytics tables into data/sales_analytics.duckdb
2025-10-22 05:40:41,659 - INFO - Initialized SyntheticDataGenerator with seed=42
2025-10-22 05:40:41,678 - INFO - Augmenting base dataset (9804 rows) with 5000 synthetic rows
2025-10-22 05:40:41,678 - INFO - Generating 5000 synthetic rows...
2025-10-22 05:40:42,040 - INFO - Successfully generated 5000 synthetic rows
2025-10-22 05:40:42,042 - INFO - Augmented data: 9804 original + 5000 synthetic = 14804 total rows
2025-10-22 05:40:48,908 - INFO - Initialized SyntheticDataGenerator with seed=42
2025-10-22 05:40:48,928 - INFO - Augmenting base dataset (9804 rows) with 5000 synthetic rows
2025-10-22 05:40:48,928 - INFO - Generating 5000 synthetic rows...
2025-10-22 05:40:49,292 - INFO - Successfully generated 5000 synthetic rows
2025-10-22 05:40:49,294 - INFO - Augmented data: 9804 original + 5000 synthetic = 14804 total rows
2025-10-22 05:40:57,766 - INFO - Initialized SyntheticDataGenerator with seed=42
2025-10-22 05:40:57,787 - INFO - Augmenting base dataset (9804 rows) with 5000 synthetic rows
2025-10-22 05:40:57,787 - INFO - Generating 5000 synthetic rows...
2025-10-22 05:40:58,164 - INFO - Successfully generated 5000 synthetic rows
2025-10-22 05:40:58,166 - INFO - Augmented data: 9804 original + 5000 synthetic = 14804 total rows
2025-10-22 05:41:35,720 - INFO - Initialized SyntheticDataGenerator with seed=42
2025-10-22 05:41:35,759 - INFO - Augmenting base dataset (9800 rows) with 5000 synthetic rows
2025-10-22 05:41:35,759 - INFO - Generating 5000 synthetic rows...
2025-10-22 05:41:36,121 - INFO - Successfully generated 5000 synthetic rows
2025-10-22 05:41:36,124 - INFO - Augmented data: 9800 original + 5000 synthetic = 14800 total rows
2025-10-22 05:41:36,143 - INFO - Could not find local file-backed GX project
2025-10-22 05:41:36,143 - INFO - Created temporary directory '/tmp/tmpra428x44' for ephemeral docs site
2025-10-22 05:41:36,144 - INFO - Loading 'datasources' ->
[]
2025-10-22 05:41:36,195 - INFO - Data quality checks success=True
2025-10-22 05:41:36,202 - INFO - Saved enriched dataset to data/sales_enriched.parquet
2025-10-22 05:41:36,202 - INFO - Saved yearly summary to data/yearly.csv
2025-10-22 05:41:36,203 - INFO - Saved segment_yearly summary to data/segment_yearly.csv
2025-10-22 05:41:36,203 - INFO - Saved regional_revenue summary to data/regional_revenue.csv
2025-10-22 05:41:36,203 - INFO - Saved top_products summary to data/top_products.csv
2025-10-22 05:41:36,207 - INFO - Saved data quality report to data/quality_report.json
2025-10-22 05:41:36,322 - INFO - Persisted analytics tables into data/sales_analytics.duckdb
2025-10-22 05:42:32,538 - INFO - Initialized SyntheticDataGenerator with seed=42
2025-10-22 05:42:32,567 - INFO - Augmenting base dataset (9800 rows) with 5000 synthetic rows
2025-10-22 05:42:32,567 - INFO - Generating 5000 synthetic rows...
2025-10-22 05:42:32,911 - INFO - Successfully generated 5000 synthetic rows
2025-10-22 05:42:32,914 - INFO - Augmented data: 9800 original + 5000 synthetic = 14800 total rows
2025-10-22 05:42:32,933 - INFO - Could not find local file-backed GX project
2025-10-22 05:42:32,933 - INFO - Created temporary directory '/tmp/tmpeviasuru' for ephemeral docs site
2025-10-22 05:42:32,934 - INFO - Loading 'datasources' ->
[]
2025-10-22 05:42:32,983 - INFO - Data quality checks success=True
2025-10-22 05:42:32,989 - INFO - Saved enriched dataset to data/sales_enriched.parquet
2025-10-22 05:42:32,990 - INFO - Saved yearly summary to data/yearly.csv
2025-10-22 05:42:32,990 - INFO - Saved segment_yearly summary to data/segment_yearly.csv
2025-10-22 05:42:32,990 - INFO - Saved regional_revenue summary to data/regional_revenue.csv
2025-10-22 05:42:32,991 - INFO - Saved top_products summary to data/top_products.csv
2025-10-22 05:42:32,994 - INFO - Saved data quality report to data/quality_report.json
2025-10-22 05:42:33,085 - INFO - Persisted analytics tables into data/sales_analytics.duckdb
2025-10-22 07:18:22,870 - INFO - Initialized SyntheticDataGenerator with seed=42
2025-10-22 07:18:22,901 - INFO - Augmenting base dataset (9800 rows) with 5000 synthetic rows
2025-10-22 07:18:22,901 - INFO - Generating 5000 synthetic rows...
2025-10-22 07:18:23,262 - INFO - Successfully generated 5000 synthetic rows
2025-10-22 07:18:23,265 - INFO - Augmented data: 9800 original + 5000 synthetic = 14800 total rows
2025-10-22 07:18:23,284 - INFO - Could not find local file-backed GX project
2025-10-22 07:18:23,284 - INFO - Created temporary directory '/tmp/tmpv_gfmrcp' for ephemeral docs site
2025-10-22 07:18:23,284 - INFO - Loading 'datasources' ->
[]
2025-10-22 07:18:23,332 - INFO - Data quality checks success=True
2025-10-22 07:18:23,339 - INFO - Saved enriched dataset to data/sales_enriched.parquet
2025-10-22 07:18:23,339 - INFO - Saved yearly summary to data/yearly.csv
2025-10-22 07:18:23,340 - INFO - Saved segment_yearly summary to data/segment_yearly.csv
2025-10-22 07:18:23,340 - INFO - Saved regional_revenue summary to data/regional_revenue.csv
2025-10-22 07:18:23,340 - INFO - Saved top_products summary to data/top_products.csv
2025-10-22 07:18:23,344 - INFO - Saved data quality report to data/quality_report.json
2025-10-22 07:20:20,584 - INFO - Initialized SyntheticDataGenerator with seed=42
2025-10-22 07:20:20,615 - INFO - Augmenting base dataset (9800 rows) with 5000 synthetic rows
2025-10-22 07:20:20,615 - INFO - Generating 5000 synthetic rows...
2025-10-22 07:20:20,943 - INFO - Successfully generated 5000 synthetic rows
2025-10-22 07:20:20,946 - INFO - Augmented data: 9800 original + 5000 synthetic = 14800 total rows
2025-10-22 07:20:20,965 - INFO - Could not find local file-backed GX project
2025-10-22 07:20:20,966 - INFO - Created temporary directory '/tmp/tmp_c4yuqlx' for ephemeral docs site
2025-10-22 07:20:20,966 - INFO - Loading 'datasources' ->
[]
2025-10-22 07:20:21,014 - INFO - Data quality checks success=True
2025-10-22 07:20:21,020 - INFO - Saved enriched dataset to data/sales_enriched.parquet
2025-10-22 07:20:21,021 - INFO - Saved yearly summary to data/yearly.csv
2025-10-22 07:20:21,021 - INFO - Saved segment_yearly summary to data/segment_yearly.csv
2025-10-22 07:20:21,022 - INFO - Saved regional_revenue summary to data/regional_revenue.csv
2025-10-22 07:20:21,022 - INFO - Saved top_products summary to data/top_products.csv
2025-10-22 07:20:21,026 - INFO - Saved data quality report to data/quality_report.json
2025-10-22 07:20:21,115 - INFO - Persisted analytics tables into data/sales_analytics.duckdb
2025-10-22 07:40:39,688 - INFO - Initialized SyntheticDataGenerator with seed=42
2025-10-22 07:40:39,716 - INFO - Augmenting base dataset (9800 rows) with 5000 synthetic rows
2025-10-22 07:40:39,716 - INFO - Generating 5000 synthetic rows...
2025-10-22 07:40:40,069 - INFO - Successfully generated 5000 synthetic rows
2025-10-22 07:40:40,071 - INFO - Augmented data: 9800 original + 5000 synthetic = 14800 total rows
2025-10-22 07:40:40,092 - INFO - Could not find local file-backed GX project
2025-10-22 07:40:40,092 - INFO - Created temporary directory '/tmp/tmpzj9heyui' for ephemeral docs site
2025-10-22 07:40:40,092 - INFO - Loading 'datasources' ->
[]
2025-10-22 07:40:40,142 - INFO - Data quality checks success=True
2025-10-22 07:40:40,149 - INFO - Saved enriched dataset to data/sales_enriched.parquet
2025-10-22 07:40:40,149 - INFO - Saved yearly summary to data/yearly.csv
2025-10-22 07:40:40,150 - INFO - Saved segment_yearly summary to data/segment_yearly.csv
2025-10-22 07:40:40,150 - INFO - Saved regional_revenue summary to data/regional_revenue.csv
2025-10-22 07:40:40,150 - INFO - Saved top_products summary to data/top_products.csv
2025-10-22 07:40:40,150 - INFO - Saved data quality report to data/quality_report.json
2025-10-22 07:40:40,242 - INFO - Persisted analytics tables into data/sales_analytics.duckdb
2025-11-08 21:35:04,539 - INFO - Initialized SyntheticDataGenerator with seed=42
2025-11-08 21:35:04,539 - INFO - Downloading dataset rohitsahoo/sales-forecasting 
2025-11-08 21:35:05,030 - INFO - Dataset copied to data/train.csv
2025-11-08 21:35:05,091 - INFO - Removed 15 rows containing null values
2025-11-08 21:35:05,092 - INFO - Generating 5000 synthetic rows
2025-11-08 21:35:05,092 - INFO - Generating 5000 synthetic rows...
2025-11-08 21:35:05,449 - INFO - Successfully generated 5000 synthetic rows
2025-11-08 21:35:05,449 - INFO - Combining 9789 Kaggle rows with 5000 synthetic rows
2025-11-10 14:47:46,232 - INFO - Initialized SyntheticDataGenerator with seed=42
2025-11-10 14:47:46,233 - INFO - Downloading dataset rohitsahoo/sales-forecasting 
2025-11-10 14:47:46,917 - INFO - Dataset copied to data/train.csv
2025-11-10 14:47:46,977 - INFO - Removed 15 rows containing null values
2025-11-10 14:47:46,977 - INFO - Generating 10000 synthetic rows
2025-11-10 14:47:46,977 - INFO - Generating 10000 synthetic rows...
2025-11-10 14:47:47,754 - INFO - Successfully generated 10000 synthetic rows
2025-11-10 14:47:47,781 - INFO - Combining 9789 Kaggle rows with 10000 synthetic rows
2025-11-10 14:47:47,865 - INFO - Could not find local file-backed GX project
2025-11-10 14:47:47,865 - INFO - Created temporary directory '/tmp/tmpckupvoto' for ephemeral docs site
2025-11-10 14:47:47,865 - INFO - Loading 'datasources' ->
[]
2025-11-10 14:47:47,931 - INFO - Data quality checks success=False
2025-11-10 14:47:47,982 - INFO - Saved enriched dataset to data/sales_enriched.parquet
2025-11-10 14:47:47,984 - INFO - Saved yearly summary to data/yearly.csv
2025-11-10 14:47:47,984 - INFO - Saved segment_yearly summary to data/segment_yearly.csv
2025-11-10 14:47:47,984 - INFO - Saved regional_revenue summary to data/regional_revenue.csv
2025-11-10 14:47:47,985 - INFO - Saved top_products summary to data/top_products.csv
2025-11-10 14:47:47,985 - INFO - Saved data quality report to data/quality_report.json
2025-11-10 14:47:48,128 - INFO - Persisted analytics tables into data/sales_analytics.duckdb
2025-11-10 20:00:54,844 - INFO - Initialized SyntheticDataGenerator with seed=42
2025-11-10 20:00:54,845 - INFO - Downloading dataset rohitsahoo/sales-forecasting 
2025-11-10 20:00:55,470 - INFO - Dataset copied to data/train.csv
2025-11-10 20:00:55,528 - INFO - Removed 15 rows containing null values
2025-11-10 20:00:55,529 - INFO - Generating 10000 synthetic rows
2025-11-10 20:00:55,529 - INFO - Generating 10000 synthetic rows...
2025-11-10 20:00:56,320 - INFO - Successfully generated 10000 synthetic rows
2025-11-10 20:00:56,346 - INFO - Combining 9789 Kaggle rows with 10000 synthetic rows
2025-11-10 20:00:56,436 - INFO - Could not find local file-backed GX project
2025-11-10 20:00:56,436 - INFO - Created temporary directory '/tmp/tmpxc_82l7e' for ephemeral docs site
2025-11-10 20:00:56,436 - INFO - Loading 'datasources' ->
[]
2025-11-10 20:00:56,509 - INFO - Data quality checks success=False
2025-11-10 20:00:56,564 - INFO - Saved enriched dataset to data/sales_enriched.parquet
2025-11-10 20:00:56,566 - INFO - Saved yearly summary to data/yearly.csv
2025-11-10 20:00:56,566 - INFO - Saved segment_yearly summary to data/segment_yearly.csv
2025-11-10 20:00:56,566 - INFO - Saved regional_revenue summary to data/regional_revenue.csv
2025-11-10 20:00:56,567 - INFO - Saved top_products summary to data/top_products.csv
2025-11-10 20:00:56,567 - INFO - Saved data quality report to data/quality_report.json
2025-11-10 20:00:56,725 - INFO - Persisted analytics tables into data/sales_analytics.duckdb
2025-11-10 20:18:52,513 - INFO - Initialized SyntheticDataGenerator with seed=42
2025-11-10 20:18:52,563 - INFO - Removed 15 rows containing null values
2025-11-10 20:18:52,563 - INFO - Generating 10000 synthetic rows
2025-11-10 20:18:52,563 - INFO - Generating 10000 synthetic rows...
2025-11-10 20:18:53,215 - INFO - Successfully generated 10000 synthetic rows
2025-11-10 20:18:53,226 - INFO - Combining 9789 Kaggle rows with 10000 synthetic rows
2025-11-10 20:18:53,253 - WARNING - Found 5834 rows with invalid order_date values
2025-11-10 20:18:53,308 - INFO - Could not find local file-backed GX project
2025-11-10 20:18:53,308 - INFO - Created temporary directory '/tmp/tmp68k9y0og' for ephemeral docs site
2025-11-10 20:18:53,308 - INFO - Loading 'datasources' ->
[]
2025-11-10 20:18:53,374 - INFO - Data quality checks success=False
2025-11-10 20:18:53,415 - INFO - Saved enriched dataset to data/sales_enriched.parquet
2025-11-10 20:18:53,416 - INFO - Saved yearly summary to data/yearly.csv
2025-11-10 20:18:53,416 - INFO - Saved segment_yearly summary to data/segment_yearly.csv
2025-11-10 20:18:53,417 - INFO - Saved regional_revenue summary to data/regional_revenue.csv
2025-11-10 20:18:53,417 - INFO - Saved top_products summary to data/top_products.csv
2025-11-10 20:18:53,417 - INFO - Saved data quality report to data/quality_report.json
2025-11-10 20:18:53,599 - INFO - Persisted analytics tables into data/sales_analytics.duckdb
2025-11-11 19:32:12,524 - INFO - Initialized SyntheticDataGenerator with seed=42
2025-11-11 19:32:12,579 - INFO - Removed 15 rows containing null values
2025-11-11 19:32:12,579 - INFO - Generating 10000 synthetic rows
2025-11-11 19:32:12,579 - INFO - Generating 10000 synthetic rows...
2025-11-11 19:32:13,317 - INFO - Successfully generated 10000 synthetic rows
2025-11-11 19:32:13,344 - INFO - Combining 9789 Kaggle rows with 10000 synthetic rows
2025-11-11 19:32:13,432 - INFO - Could not find local file-backed GX project
2025-11-11 19:32:13,432 - INFO - Created temporary directory '/tmp/tmpb5dwwnv2' for ephemeral docs site
2025-11-11 19:32:13,432 - INFO - Loading 'datasources' ->
[]
2025-11-11 19:32:13,506 - INFO - Data quality checks success=True
2025-11-11 19:32:13,559 - INFO - Saved enriched dataset to data/sales_enriched.parquet
2025-11-11 19:32:13,560 - INFO - Saved yearly summary to data/yearly.csv
2025-11-11 19:32:13,560 - INFO - Saved segment_yearly summary to data/segment_yearly.csv
2025-11-11 19:32:13,561 - INFO - Saved regional_revenue summary to data/regional_revenue.csv
2025-11-11 19:32:13,561 - INFO - Saved top_products summary to data/top_products.csv
2025-11-11 19:32:13,561 - INFO - Saved data quality report to data/quality_report.json
2025-11-11 19:32:13,712 - INFO - Persisted analytics tables into data/sales_analytics.duckdb
2025-11-12 19:06:57,718 - INFO - Initialized SyntheticDataGenerator with seed=42
2025-11-12 19:06:57,771 - INFO - Removed 15 rows containing null values
2025-11-12 19:06:57,801 - INFO - Generating 10000 synthetic rows
2025-11-12 19:06:57,801 - INFO - Generating 10000 synthetic rows...
2025-11-12 19:07:32,807 - INFO - Initialized SyntheticDataGenerator with seed=42
2025-11-12 19:07:32,859 - INFO - Removed 15 rows containing null values
2025-11-12 19:07:32,880 - INFO - Generating 10000 synthetic rows
2025-11-12 19:07:32,880 - INFO - Generating 10000 synthetic rows...
2025-11-12 19:07:57,057 - INFO - Initialized SyntheticDataGenerator with seed=42
2025-11-12 19:07:57,106 - INFO - Removed 15 rows containing null values
2025-11-12 19:07:57,125 - INFO - Generating 10000 synthetic rows
2025-11-12 19:07:57,125 - INFO - Generating 10000 synthetic rows...
2025-11-12 19:10:15,043 - INFO - Initialized SyntheticDataGenerator with seed=42
2025-11-12 19:10:15,093 - INFO - Removed 15 rows containing null values
2025-11-12 19:10:15,113 - INFO - Generating 10000 synthetic rows
2025-11-12 19:10:15,114 - INFO - Generating 10000 synthetic rows...
2025-11-12 19:10:17,969 - INFO - Successfully generated 10000 synthetic rows
2025-11-12 19:10:17,990 - INFO - Combining 9789 Kaggle rows with 10000 synthetic rows
2025-11-12 19:10:18,074 - INFO - Could not find local file-backed GX project
2025-11-12 19:10:18,075 - INFO - Created temporary directory '/tmp/tmp32ro9gy1' for ephemeral docs site
2025-11-12 19:10:18,075 - INFO - Loading 'datasources' ->
[]
2025-11-12 19:10:18,145 - INFO - Data quality checks success=True
2025-11-12 19:10:18,195 - INFO - Saved enriched dataset to data/sales_enriched.parquet
2025-11-12 19:10:18,196 - INFO - Saved yearly summary to data/yearly.csv
2025-11-12 19:10:18,197 - INFO - Saved segment_yearly summary to data/segment_yearly.csv
2025-11-12 19:10:18,197 - INFO - Saved regional_revenue summary to data/regional_revenue.csv
2025-11-12 19:10:18,198 - INFO - Saved top_products summary to data/top_products.csv
2025-11-12 19:10:18,198 - INFO - Saved data quality report to data/quality_report.json
2025-11-12 19:10:18,361 - INFO - Persisted analytics tables into data/sales_analytics.duckdb
2025-11-12 23:58:59,539 - INFO - Initialized SyntheticDataGenerator with seed=42
2025-11-12 23:58:59,588 - INFO - Removed 15 rows containing null values
2025-11-12 23:58:59,606 - INFO - Generating 10000 synthetic rows
2025-11-12 23:58:59,606 - INFO - Generating 10000 synthetic rows...
2025-11-12 23:59:02,474 - INFO - Successfully generated 10000 synthetic rows
2025-11-12 23:59:02,484 - INFO - Combining 9789 Kaggle rows with 10000 synthetic rows
2025-11-12 23:59:02,565 - INFO - Could not find local file-backed GX project
2025-11-12 23:59:02,565 - INFO - Created temporary directory '/tmp/tmpq3mjqunn' for ephemeral docs site
2025-11-12 23:59:02,566 - INFO - Loading 'datasources' ->
[]
2025-11-12 23:59:02,634 - INFO - Data quality checks success=True
2025-11-12 23:59:02,672 - INFO - Saved enriched dataset to data/output/sales_enriched.parquet
2025-11-12 23:59:02,677 - INFO - Saved yearly summary to data/output/yearly.csv
2025-11-12 23:59:02,677 - INFO - Saved segment_yearly summary to data/output/segment_yearly.csv
2025-11-12 23:59:02,678 - INFO - Saved regional_revenue summary to data/output/regional_revenue.csv
2025-11-12 23:59:02,678 - INFO - Saved top_products summary to data/output/top_products.csv
2025-11-12 23:59:02,678 - INFO - Saved data quality report to data/output/quality_report.json
2025-11-12 23:59:02,811 - INFO - Persisted analytics tables into data/output/sales_analytics.duckdb
2025-11-13 00:07:10,895 - INFO - Initialized SyntheticDataGenerator with seed=42
2025-11-13 00:07:10,896 - INFO - Downloading dataset rohitsahoo/sales-forecasting 
2025-11-13 00:07:11,535 - INFO - Dataset copied to data/input/train.csv
2025-11-13 00:07:11,598 - INFO - Removed 15 rows containing null values
2025-11-13 00:07:11,622 - INFO - Generating 10000 synthetic rows
2025-11-13 00:07:11,623 - INFO - Generating 10000 synthetic rows...
2025-11-13 00:07:14,674 - INFO - Successfully generated 10000 synthetic rows
2025-11-13 00:07:14,685 - INFO - Combining 9789 Kaggle rows with 10000 synthetic rows
2025-11-13 00:07:14,765 - INFO - Could not find local file-backed GX project
2025-11-13 00:07:14,766 - INFO - Created temporary directory '/tmp/tmp9zttujs7' for ephemeral docs site
2025-11-13 00:07:14,766 - INFO - Loading 'datasources' ->
[]
2025-11-13 00:07:14,834 - INFO - Data quality checks success=True
2025-11-13 00:07:14,872 - INFO - Saved enriched dataset to data/output/sales_enriched.parquet
2025-11-13 00:07:14,873 - INFO - Saved yearly summary to data/output/yearly.csv
2025-11-13 00:07:14,874 - INFO - Saved segment_yearly summary to data/output/segment_yearly.csv
2025-11-13 00:07:14,874 - INFO - Saved regional_revenue summary to data/output/regional_revenue.csv
2025-11-13 00:07:14,874 - INFO - Saved top_products summary to data/output/top_products.csv
2025-11-13 00:07:14,874 - INFO - Saved data quality report to data/output/quality_report.json
2025-11-13 00:07:14,996 - INFO - Persisted analytics tables into data/output/sales_analytics.duckdb
2025-11-13 00:09:29,978 - INFO - Initialized SyntheticDataGenerator with seed=42
2025-11-13 00:09:29,978 - INFO - Downloading dataset rohitsahoo/sales-forecasting 
2025-11-13 00:09:30,706 - INFO - Dataset copied to data/input/train.csv
2025-11-13 00:09:30,771 - INFO - Removed 15 rows containing null values
2025-11-13 00:09:30,792 - INFO - Generating 10000 synthetic rows
2025-11-13 00:09:30,792 - INFO - Generating 10000 synthetic rows...
2025-11-13 00:09:33,771 - INFO - Successfully generated 10000 synthetic rows
2025-11-13 00:09:33,782 - INFO - Combining 9789 Kaggle rows with 10000 synthetic rows
2025-11-13 00:09:33,859 - INFO - Could not find local file-backed GX project
2025-11-13 00:09:33,859 - INFO - Created temporary directory '/tmp/tmp_l0nve73' for ephemeral docs site
2025-11-13 00:09:33,859 - INFO - Loading 'datasources' ->
[]
2025-11-13 00:09:33,926 - INFO - Data quality checks success=True
2025-11-13 00:09:33,965 - INFO - Saved enriched dataset to data/output/sales_enriched.parquet
2025-11-13 00:09:33,970 - INFO - Saved yearly summary to data/output/yearly.csv
2025-11-13 00:09:33,970 - INFO - Saved segment_yearly summary to data/output/segment_yearly.csv
2025-11-13 00:09:33,971 - INFO - Saved regional_revenue summary to data/output/regional_revenue.csv
2025-11-13 00:09:33,971 - INFO - Saved top_products summary to data/output/top_products.csv
2025-11-13 00:09:33,971 - INFO - Saved data quality report to data/output/quality_report.json
2025-11-13 00:09:34,095 - INFO - Persisted analytics tables into data/output/sales_analytics.duckdb
2025-11-13 00:14:02,361 - INFO - Initialized SyntheticDataGenerator with seed=42
2025-11-13 00:14:02,415 - INFO - Removed 15 rows containing null values
2025-11-13 00:14:02,434 - INFO - Generating 10000 synthetic rows
2025-11-13 00:14:02,434 - INFO - Generating 10000 synthetic rows...
2025-11-13 00:14:05,412 - INFO - Successfully generated 10000 synthetic rows
2025-11-13 00:14:05,423 - INFO - Combining 9789 Kaggle rows with 10000 synthetic rows
2025-11-13 00:14:05,509 - INFO - Could not find local file-backed GX project
2025-11-13 00:14:05,509 - INFO - Created temporary directory '/tmp/tmpam3gittx' for ephemeral docs site
2025-11-13 00:14:05,509 - INFO - Loading 'datasources' ->
[]
2025-11-13 00:14:05,577 - INFO - Data quality checks success=True
2025-11-13 00:14:05,615 - INFO - Saved enriched dataset to data/output/sales_enriched.parquet
2025-11-13 00:14:05,616 - INFO - Saved yearly summary to data/output/yearly.csv
2025-11-13 00:14:05,617 - INFO - Saved segment_yearly summary to data/output/segment_yearly.csv
2025-11-13 00:14:05,617 - INFO - Saved regional_revenue summary to data/output/regional_revenue.csv
2025-11-13 00:14:05,617 - INFO - Saved top_products summary to data/output/top_products.csv
2025-11-13 00:14:05,617 - INFO - Saved data quality report to data/output/quality_report.json
2025-11-13 00:14:05,745 - INFO - Persisted analytics tables into data/output/sales_analytics.duckdb
2025-11-13 00:16:19,594 - INFO - Initialized SyntheticDataGenerator with seed=42
2025-11-13 00:16:19,644 - INFO - Removed 15 rows containing null values
2025-11-13 00:16:19,665 - INFO - Generating 10000 synthetic rows
2025-11-13 00:16:19,665 - INFO - Generating 10000 synthetic rows...
2025-11-13 00:16:22,601 - INFO - Successfully generated 10000 synthetic rows
2025-11-13 00:16:22,612 - INFO - Combining 9789 Kaggle rows with 10000 synthetic rows
2025-11-13 00:16:22,690 - INFO - Could not find local file-backed GX project
2025-11-13 00:16:22,691 - INFO - Created temporary directory '/tmp/tmpsxe0k1uz' for ephemeral docs site
2025-11-13 00:16:22,691 - INFO - Loading 'datasources' ->
[]
2025-11-13 00:16:22,757 - INFO - Data quality checks success=True
2025-11-13 00:16:22,796 - INFO - Saved enriched dataset to data/output/sales_enriched.parquet
2025-11-13 00:16:22,801 - INFO - Saved yearly summary to data/output/yearly.csv
2025-11-13 00:16:22,802 - INFO - Saved segment_yearly summary to data/output/segment_yearly.csv
2025-11-13 00:16:22,802 - INFO - Saved regional_revenue summary to data/output/regional_revenue.csv
2025-11-13 00:16:22,802 - INFO - Saved top_products summary to data/output/top_products.csv
2025-11-13 00:16:22,803 - INFO - Saved data quality report to data/output/quality_report.json
2025-11-13 00:16:22,924 - INFO - Persisted analytics tables into data/output/sales_analytics.duckdb
2025-11-13 00:17:43,578 - INFO - Initialized SyntheticDataGenerator with seed=42
2025-11-13 00:17:43,579 - INFO - Downloading dataset rohitsahoo/sales-forecasting 
2025-11-13 00:17:44,202 - INFO - Dataset copied to data/input/train.csv
2025-11-13 00:17:44,257 - INFO - Removed 15 rows containing null values
2025-11-13 00:17:44,278 - INFO - Generating 10000 synthetic rows
2025-11-13 00:17:44,278 - INFO - Generating 10000 synthetic rows...
2025-11-13 00:17:47,180 - INFO - Successfully generated 10000 synthetic rows
2025-11-13 00:17:47,191 - INFO - Combining 9789 Kaggle rows with 10000 synthetic rows
2025-11-13 00:17:47,273 - INFO - Could not find local file-backed GX project
2025-11-13 00:17:47,274 - INFO - Created temporary directory '/tmp/tmpuab46j2s' for ephemeral docs site
2025-11-13 00:17:47,274 - INFO - Loading 'datasources' ->
[]
2025-11-13 00:17:47,342 - INFO - Data quality checks success=True
2025-11-13 00:17:47,381 - INFO - Saved enriched dataset to data/output/sales_enriched.parquet
2025-11-13 00:17:47,382 - INFO - Saved yearly summary to data/output/yearly.csv
2025-11-13 00:17:47,383 - INFO - Saved segment_yearly summary to data/output/segment_yearly.csv
2025-11-13 00:17:47,383 - INFO - Saved regional_revenue summary to data/output/regional_revenue.csv
2025-11-13 00:17:47,383 - INFO - Saved top_products summary to data/output/top_products.csv
2025-11-13 00:17:47,383 - INFO - Saved data quality report to data/output/quality_report.json
2025-11-13 00:17:47,503 - INFO - Persisted analytics tables into data/output/sales_analytics.duckdb
2025-11-13 00:19:04,703 - INFO - Initialized SyntheticDataGenerator with seed=42
2025-11-13 00:19:04,704 - INFO - Downloading dataset rohitsahoo/sales-forecasting 
2025-11-13 00:19:06,798 - INFO - Dataset copied to data/input/train.csv
2025-11-13 00:19:06,849 - INFO - Removed 11 rows containing null values
2025-11-13 00:19:06,862 - INFO - Generating 10000 synthetic rows
2025-11-13 00:19:06,862 - INFO - Generating 10000 synthetic rows...
2025-11-13 00:19:09,864 - INFO - Successfully generated 10000 synthetic rows
2025-11-13 00:19:09,874 - INFO - Combining 9789 Kaggle rows with 10000 synthetic rows
2025-11-13 00:19:09,958 - INFO - Could not find local file-backed GX project
2025-11-13 00:19:09,959 - INFO - Created temporary directory '/tmp/tmp0smjnezd' for ephemeral docs site
2025-11-13 00:19:09,959 - INFO - Loading 'datasources' ->
[]
2025-11-13 00:19:10,026 - INFO - Data quality checks success=True
2025-11-13 00:19:10,065 - INFO - Saved enriched dataset to data/output/sales_enriched.parquet
2025-11-13 00:19:10,071 - INFO - Saved yearly summary to data/output/yearly.csv
2025-11-13 00:19:10,071 - INFO - Saved segment_yearly summary to data/output/segment_yearly.csv
2025-11-13 00:19:10,072 - INFO - Saved regional_revenue summary to data/output/regional_revenue.csv
2025-11-13 00:19:10,072 - INFO - Saved top_products summary to data/output/top_products.csv
2025-11-13 00:19:10,072 - INFO - Saved data quality report to data/output/quality_report.json
2025-11-13 00:19:10,212 - INFO - Persisted analytics tables into data/output/sales_analytics.duckdb
2025-11-14 01:16:24,248 - INFO - Initialized SyntheticDataGenerator with seed=42
2025-11-14 01:16:24,298 - INFO - Removed 11 rows containing null values
2025-11-14 01:16:24,322 - INFO - Generating 100000 synthetic rows...
2025-11-14 01:16:53,166 - INFO - Successfully generated 100000 synthetic rows
2025-11-14 01:16:53,256 - INFO - Combining 9789 Kaggle rows with 100000 synthetic rows
2025-11-14 01:16:53,550 - INFO - Could not find local file-backed GX project
2025-11-14 01:16:53,550 - INFO - Created temporary directory '/tmp/tmpe86dbj13' for ephemeral docs site
2025-11-14 01:16:53,550 - INFO - Loading 'datasources' ->
[]
2025-11-14 01:16:53,882 - INFO - Data quality checks success=True
2025-11-14 01:16:54,064 - INFO - Saved enriched dataset to data/output/sales_enriched.parquet
2025-11-14 01:16:54,066 - INFO - Saved yearly summary to data/output/yearly.csv
2025-11-14 01:16:54,066 - INFO - Saved segment_yearly summary to data/output/segment_yearly.csv
2025-11-14 01:16:54,066 - INFO - Saved regional_revenue summary to data/output/regional_revenue.csv
2025-11-14 01:16:54,067 - INFO - Saved top_products summary to data/output/top_products.csv
2025-11-14 01:16:54,067 - INFO - Saved data quality report to data/output/quality_report.json
2025-11-14 01:16:54,452 - INFO - Persisted analytics tables into data/output/sales_analytics.duckdb
2025-11-15 00:16:50,762 - INFO - Initialized SyntheticDataGenerator with seed=42
2025-11-15 00:18:09,336 - INFO - Initialized SyntheticDataGenerator with seed=42
2025-11-15 00:18:09,392 - INFO - Removed 11 rows containing null values
2025-11-15 00:18:09,395 - INFO - Removed columns: ['Row ID', 'Order ID', 'Order Date', 'Ship Date']  
2025-11-15 00:18:09,395 - INFO - loading data from Kaggle for an update of dates
2025-11-15 00:21:03,964 - INFO - Initialized SyntheticDataGenerator with seed=42
2025-11-15 00:21:04,010 - INFO - Removed 11 rows containing null values
2025-11-15 00:21:04,011 - INFO - Removed columns: ['Row ID', 'Order ID', 'Order Date', 'Ship Date']  
2025-11-15 00:21:04,011 - INFO - loading data from Kaggle for an update of dates
2025-11-15 00:21:04,208 - INFO - Successfully updated the date in 9789 rows in the kaggle dataset
2025-11-15 00:21:04,234 - INFO - Generating 10000 synthetic rows...
2025-11-15 00:21:07,171 - INFO - Successfully generated 10000 synthetic rows
2025-11-15 00:21:07,173 - INFO - Combining 9789 Kaggle rows with 10000 synthetic rows
2025-11-15 00:28:16,823 - INFO - Initialized SyntheticDataGenerator with seed=42
2025-11-15 00:28:16,869 - INFO - Removed 11 rows containing null values
2025-11-15 00:28:16,870 - INFO - Removed columns: ['Row ID', 'Order ID', 'Order Date', 'Ship Date']  
2025-11-15 00:28:16,870 - INFO - loading data from Kaggle for an update of dates
2025-11-15 00:28:17,068 - INFO - Successfully updated the date in 9789 rows in the kaggle dataset
2025-11-15 00:28:17,080 - INFO - Generating 10000 synthetic rows...
2025-11-15 00:28:19,833 - INFO - Successfully generated 10000 synthetic rows
2025-11-15 00:28:19,835 - INFO - Combining 9789 Kaggle rows with 10000 synthetic rows
2025-11-15 00:28:49,312 - INFO - Initialized SyntheticDataGenerator with seed=42
2025-11-15 00:28:49,355 - INFO - Removed 11 rows containing null values
2025-11-15 00:28:49,356 - INFO - Removed columns: ['Row ID', 'Order ID', 'Order Date', 'Ship Date']  
2025-11-15 00:28:49,356 - INFO - loading data from Kaggle for an update of dates
2025-11-15 00:28:49,548 - INFO - Successfully updated the date in 9789 rows in the kaggle dataset
2025-11-15 00:28:49,553 - INFO - Generating 10000 synthetic rows...
2025-11-15 00:28:52,392 - INFO - Successfully generated 10000 synthetic rows
2025-11-15 00:28:52,394 - INFO - Combining 9789 Kaggle rows with 10000 synthetic rows
2025-11-15 00:28:52,399 - INFO - update_df schema: Schema({'Order ID': String, 'Order Date': Date, 'Ship Date': Date, 'Ship Mode': String, 'Customer ID': String, 'Customer Name': String, 'Segment': String, 'Country': String, 'City': String, 'State': String, 'Postal Code': Float64, 'Region': String, 'Category': String, 'Sub-Category': String, 'Product ID': String, 'Product Name': String, 'Sales': Float64})
2025-11-15 00:28:52,399 - INFO - synthetic_df schema: Schema({'Order ID': String, 'Order Date': Date, 'Ship Date': Date, 'Ship Mode': String, 'Customer ID': String, 'Customer Name': String, 'Segment': String, 'Country': String, 'City': String, 'State': String, 'Postal Code': String, 'Region': String, 'Category': String, 'Sub-Category': String, 'Product ID': String, 'Product Name': String, 'Sales': Float64})
2025-11-15 00:29:11,640 - INFO - Initialized SyntheticDataGenerator with seed=42
2025-11-15 00:29:11,691 - INFO - Removed 11 rows containing null values
2025-11-15 00:29:11,693 - INFO - Removed columns: ['Row ID', 'Order ID', 'Order Date', 'Ship Date']  
2025-11-15 00:29:11,693 - INFO - loading data from Kaggle for an update of dates
2025-11-15 00:29:11,911 - INFO - Successfully updated the date in 9789 rows in the kaggle dataset
2025-11-15 00:29:11,927 - INFO - Generating 10000 synthetic rows...
2025-11-15 00:29:14,836 - INFO - Successfully generated 10000 synthetic rows
2025-11-15 00:29:14,838 - INFO - Combining 9789 Kaggle rows with 10000 synthetic rows
2025-11-15 00:29:14,838 - INFO - update_df schema: Schema({'Order ID': String, 'Order Date': Date, 'Ship Date': Date, 'Ship Mode': String, 'Customer ID': String, 'Customer Name': String, 'Segment': String, 'Country': String, 'City': String, 'State': String, 'Postal Code': String, 'Region': String, 'Category': String, 'Sub-Category': String, 'Product ID': String, 'Product Name': String, 'Sales': Float64})
2025-11-15 00:29:14,838 - INFO - synthetic_df schema: Schema({'Order ID': String, 'Order Date': Date, 'Ship Date': Date, 'Ship Mode': String, 'Customer ID': String, 'Customer Name': String, 'Segment': String, 'Country': String, 'City': String, 'State': String, 'Postal Code': String, 'Region': String, 'Category': String, 'Sub-Category': String, 'Product ID': String, 'Product Name': String, 'Sales': Float64})
2025-11-15 00:29:35,593 - INFO - Initialized SyntheticDataGenerator with seed=42
2025-11-15 00:29:35,638 - INFO - Removed 11 rows containing null values
2025-11-15 00:29:35,639 - INFO - Removed columns: ['Row ID', 'Order ID', 'Order Date', 'Ship Date']  
2025-11-15 00:29:35,639 - INFO - loading data from Kaggle for an update of dates
2025-11-15 00:29:35,847 - INFO - Successfully updated the date in 9789 rows in the kaggle dataset
2025-11-15 00:29:35,853 - INFO - Generating 10000 synthetic rows...
2025-11-15 00:29:38,753 - INFO - Successfully generated 10000 synthetic rows
2025-11-15 00:29:38,754 - INFO - Combining 9789 Kaggle rows with 10000 synthetic rows
2025-11-15 00:29:38,754 - INFO - update_df schema: Schema({'Order ID': String, 'Order Date': Date, 'Ship Date': Date, 'Ship Mode': String, 'Customer ID': String, 'Customer Name': String, 'Segment': String, 'Country': String, 'City': String, 'State': String, 'Postal Code': String, 'Region': String, 'Category': String, 'Sub-Category': String, 'Product ID': String, 'Product Name': String, 'Sales': Float64})
2025-11-15 00:29:38,754 - INFO - synthetic_df schema: Schema({'Order ID': String, 'Order Date': Date, 'Ship Date': Date, 'Ship Mode': String, 'Customer ID': String, 'Customer Name': String, 'Segment': String, 'Country': String, 'City': String, 'State': String, 'Postal Code': String, 'Region': String, 'Category': String, 'Sub-Category': String, 'Product ID': String, 'Product Name': String, 'Sales': Float64})
2025-11-15 00:29:38,845 - INFO - Could not find local file-backed GX project
2025-11-15 00:29:38,845 - INFO - Created temporary directory '/tmp/tmpbqsq_bp9' for ephemeral docs site
2025-11-15 00:29:38,845 - INFO - Loading 'datasources' ->
[]
2025-11-15 00:29:38,920 - INFO - Data quality checks success=True
2025-11-15 00:29:38,968 - INFO - Saved enriched dataset to data/output/sales_enriched.parquet
2025-11-15 00:29:38,970 - INFO - Saved yearly summary to data/output/yearly.csv
2025-11-15 00:29:38,970 - INFO - Saved segment_yearly summary to data/output/segment_yearly.csv
2025-11-15 00:29:38,970 - INFO - Saved regional_revenue summary to data/output/regional_revenue.csv
2025-11-15 00:29:38,971 - INFO - Saved top_products summary to data/output/top_products.csv
2025-11-15 00:29:38,971 - INFO - Saved data quality report to data/output/quality_report.json
2025-11-15 00:29:39,020 - INFO - Load summary tables into data/output/sales_analytics.duckdb
2025-11-15 00:29:55,540 - INFO - Initialized SyntheticDataGenerator with seed=42
2025-11-15 00:29:55,588 - INFO - Removed 11 rows containing null values
2025-11-15 00:29:55,589 - INFO - Removed columns: ['Row ID', 'Order ID', 'Order Date', 'Ship Date']  
2025-11-15 00:29:55,590 - INFO - loading data from Kaggle for an update of dates
2025-11-15 00:29:55,799 - INFO - Successfully updated the date in 9789 rows in the kaggle dataset
2025-11-15 00:29:55,804 - INFO - Generating 10000 synthetic rows...
2025-11-15 00:29:58,779 - INFO - Successfully generated 10000 synthetic rows
2025-11-15 00:29:58,781 - INFO - Combining 9789 Kaggle rows with 10000 synthetic rows
2025-11-15 00:29:58,851 - INFO - Could not find local file-backed GX project
2025-11-15 00:29:58,852 - INFO - Created temporary directory '/tmp/tmpeo_4il5_' for ephemeral docs site
2025-11-15 00:29:58,852 - INFO - Loading 'datasources' ->
[]
2025-11-15 00:29:58,916 - INFO - Data quality checks success=True
2025-11-15 00:29:58,952 - INFO - Saved enriched dataset to data/output/sales_enriched.parquet
2025-11-15 00:29:58,953 - INFO - Saved yearly summary to data/output/yearly.csv
2025-11-15 00:29:58,954 - INFO - Saved segment_yearly summary to data/output/segment_yearly.csv
2025-11-15 00:29:58,954 - INFO - Saved regional_revenue summary to data/output/regional_revenue.csv
2025-11-15 00:29:58,954 - INFO - Saved top_products summary to data/output/top_products.csv
2025-11-15 00:29:58,954 - INFO - Saved data quality report to data/output/quality_report.json
2025-11-15 00:29:58,984 - INFO - Load summary tables into data/output/sales_analytics.duckdb
2025-11-15 00:32:23,140 - INFO - Initialized SyntheticDataGenerator with seed=42
2025-11-15 00:32:23,186 - INFO - Removed 11 rows containing null values
2025-11-15 00:32:23,187 - INFO - Removed columns: ['Row ID', 'Order ID', 'Order Date', 'Ship Date']  
2025-11-15 00:32:23,188 - INFO - loading data from Kaggle for an update of dates
2025-11-15 00:32:23,393 - INFO - Successfully updated the date in 9789 rows in the kaggle dataset
2025-11-15 00:32:23,399 - INFO - Generating 10000 synthetic rows...
2025-11-15 00:32:26,389 - INFO - Successfully generated 10000 synthetic rows
2025-11-15 00:32:26,405 - INFO - Combining 9789 Kaggle rows with 10000 synthetic rows
2025-11-15 00:32:26,466 - INFO - Could not find local file-backed GX project
2025-11-15 00:32:26,466 - INFO - Created temporary directory '/tmp/tmpi6_m6vwb' for ephemeral docs site
2025-11-15 00:32:26,466 - INFO - Loading 'datasources' ->
[]
2025-11-15 00:32:26,539 - INFO - Data quality checks success=True
2025-11-15 00:32:26,575 - INFO - Saved enriched dataset to data/output/sales_enriched.parquet
2025-11-15 00:32:26,581 - INFO - Saved yearly summary to data/output/yearly.csv
2025-11-15 00:32:26,581 - INFO - Saved segment_yearly summary to data/output/segment_yearly.csv
2025-11-15 00:32:26,581 - INFO - Saved regional_revenue summary to data/output/regional_revenue.csv
2025-11-15 00:32:26,582 - INFO - Saved top_products summary to data/output/top_products.csv
2025-11-15 00:32:26,582 - INFO - Saved data quality report to data/output/quality_report.json
2025-11-15 00:32:26,613 - INFO - Load summary tables into data/output/sales_analytics.duckdb
2025-11-15 00:32:54,948 - INFO - Initialized SyntheticDataGenerator with seed=42
2025-11-15 00:32:54,998 - INFO - Removed 11 rows containing null values
2025-11-15 00:32:54,999 - INFO - Removed columns: ['Row ID', 'Order ID', 'Order Date', 'Ship Date']  
2025-11-15 00:32:54,999 - INFO - loading data from Kaggle for an update of dates
2025-11-15 00:32:55,153 - INFO - Successfully updated the date in 9789 rows in the kaggle dataset
2025-11-15 00:32:55,159 - INFO - Generating 10000 synthetic rows...
2025-11-15 00:32:58,192 - INFO - Successfully generated 10000 synthetic rows
2025-11-15 00:32:58,207 - INFO - Combining 9789 Kaggle rows with 10000 synthetic rows
2025-11-15 00:32:58,267 - INFO - Could not find local file-backed GX project
2025-11-15 00:32:58,268 - INFO - Created temporary directory '/tmp/tmpwm9_u4di' for ephemeral docs site
2025-11-15 00:32:58,268 - INFO - Loading 'datasources' ->
[]
2025-11-15 00:32:58,340 - INFO - Data quality checks success=True
2025-11-15 00:32:58,376 - INFO - Saved enriched dataset to data/output/sales_enriched.parquet
2025-11-15 00:32:58,381 - INFO - Saved yearly summary to data/output/yearly.csv
2025-11-15 00:32:58,381 - INFO - Saved segment_yearly summary to data/output/segment_yearly.csv
2025-11-15 00:32:58,381 - INFO - Saved regional_revenue summary to data/output/regional_revenue.csv
2025-11-15 00:32:58,382 - INFO - Saved top_products summary to data/output/top_products.csv
2025-11-15 00:32:58,382 - INFO - Saved data quality report to data/output/quality_report.json
2025-11-15 00:32:58,414 - INFO - Load summary tables into data/output/sales_analytics.duckdb
2025-11-15 00:47:16,603 - INFO - Initialized SyntheticDataGenerator with seed=42
2025-11-15 00:47:16,649 - INFO - Removed 11 rows containing null values
2025-11-15 00:47:16,651 - INFO - Removed columns: ['Row ID', 'Order ID', 'Order Date', 'Ship Date']  
2025-11-15 00:47:16,651 - INFO - loading data from Kaggle for an update of dates
2025-11-15 00:47:16,791 - INFO - Successfully updated the date in 9789 rows in the kaggle dataset
2025-11-15 00:47:16,797 - INFO - Generating 10000 synthetic rows...
2025-11-15 00:47:19,598 - INFO - Successfully generated 10000 synthetic rows
2025-11-15 00:47:19,615 - INFO - Combining 9789 Kaggle rows with 10000 synthetic rows
2025-11-15 00:47:19,673 - INFO - Could not find local file-backed GX project
2025-11-15 00:47:19,674 - INFO - Created temporary directory '/tmp/tmpi2z59h1t' for ephemeral docs site
2025-11-15 00:47:19,674 - INFO - Loading 'datasources' ->
[]
2025-11-15 00:47:19,750 - INFO - Data quality checks success=True
2025-11-15 00:47:19,787 - INFO - Saved enriched dataset to data/output/sales_enriched.parquet
2025-11-15 00:47:19,792 - INFO - Saved yearly summary to data/output/yearly.csv
2025-11-15 00:47:19,793 - INFO - Saved segment_yearly summary to data/output/segment_yearly.csv
2025-11-15 00:47:19,793 - INFO - Saved regional_revenue summary to data/output/regional_revenue.csv
2025-11-15 00:47:19,793 - INFO - Saved top_products summary to data/output/top_products.csv
2025-11-15 00:47:19,793 - INFO - Saved data quality report to data/output/quality_report.json
2025-11-15 00:47:19,823 - INFO - Load summary tables into data/output/sales_analytics.duckdb
2025-11-15 00:51:53,718 - INFO - Initialized SyntheticDataGenerator with seed=42
2025-11-15 00:51:53,764 - INFO - Removed 11 rows containing null values
2025-11-15 00:51:53,765 - INFO - Removed columns: ['Row ID', 'Order ID', 'Order Date', 'Ship Date']  
2025-11-15 00:51:53,765 - INFO - loading data from Kaggle for an update of dates
2025-11-15 00:51:53,959 - INFO - Successfully updated the date in 9789 rows in the kaggle dataset
2025-11-15 00:51:53,964 - INFO - Generating 10000 synthetic rows...
2025-11-15 00:52:22,125 - INFO - Initialized SyntheticDataGenerator with seed=42
2025-11-15 00:52:22,171 - INFO - Removed 11 rows containing null values
2025-11-15 00:52:22,172 - INFO - Removed columns: ['Row ID', 'Order ID', 'Order Date', 'Ship Date']  
2025-11-15 00:52:22,172 - INFO - loading data from Kaggle for an update of dates
2025-11-15 00:52:22,364 - INFO - Successfully updated the date in 9789 rows in the kaggle dataset
2025-11-15 00:52:22,370 - INFO - Generating 10000 synthetic rows...
2025-11-15 00:52:25,141 - INFO - Successfully generated 10000 synthetic rows
2025-11-15 00:52:25,159 - INFO - Combining 9789 Kaggle rows with 10000 synthetic rows
2025-11-15 00:52:25,217 - INFO - Could not find local file-backed GX project
2025-11-15 00:52:25,217 - INFO - Created temporary directory '/tmp/tmpgtjeiwot' for ephemeral docs site
2025-11-15 00:52:25,217 - INFO - Loading 'datasources' ->
[]
2025-11-15 00:52:25,290 - INFO - Data quality checks success=True
2025-11-15 00:52:25,329 - INFO - Saved enriched dataset to data/output/sales_enriched.parquet
2025-11-15 00:52:25,330 - INFO - Saved yearly summary to data/output/yearly.csv
2025-11-15 00:52:25,331 - INFO - Saved segment_yearly summary to data/output/segment_yearly.csv
2025-11-15 00:52:25,331 - INFO - Saved regional_revenue summary to data/output/regional_revenue.csv
2025-11-15 00:52:25,331 - INFO - Saved top_products summary to data/output/top_products.csv
2025-11-15 00:52:25,331 - INFO - Saved data quality report to data/output/quality_report.json
2025-11-15 00:52:25,362 - INFO - Load summary tables into data/output/sales_analytics.duckdb
2025-11-15 00:58:47,737 - INFO - Initialized SyntheticDataGenerator with seed=42
2025-11-15 00:58:47,787 - INFO - Removed 11 rows containing null values
2025-11-15 00:58:47,788 - INFO - Removed columns: ['Row ID', 'Order ID', 'Order Date', 'Ship Date']  
2025-11-15 00:58:47,788 - INFO - loading data from Kaggle for an update of dates
2025-11-15 00:58:47,936 - INFO - Successfully updated the date in 9789 rows in the kaggle dataset
2025-11-15 00:58:47,942 - INFO - Generating 10000 synthetic rows...
2025-11-15 00:58:50,961 - INFO - Successfully generated 10000 synthetic rows
2025-11-15 00:58:50,980 - INFO - Combining 9789 Kaggle rows with 10000 synthetic rows
2025-11-15 00:58:51,043 - INFO - Could not find local file-backed GX project
2025-11-15 00:58:51,043 - INFO - Created temporary directory '/tmp/tmpjvsi3hps' for ephemeral docs site
2025-11-15 00:58:51,043 - INFO - Loading 'datasources' ->
[]
2025-11-15 00:58:51,117 - INFO - Data quality checks success=True
2025-11-15 00:58:51,162 - INFO - Saved enriched dataset to data/output/sales_enriched.parquet
2025-11-15 00:58:51,163 - INFO - Saved yearly summary to data/output/yearly.csv
2025-11-15 00:58:51,164 - INFO - Saved segment_yearly summary to data/output/segment_yearly.csv
2025-11-15 00:58:51,164 - INFO - Saved regional_revenue summary to data/output/regional_revenue.csv
2025-11-15 00:58:51,164 - INFO - Saved top_products summary to data/output/top_products.csv
2025-11-15 00:58:51,165 - INFO - Saved data quality report to data/output/quality_report.json
2025-11-15 00:58:51,195 - INFO - Load summary tables into data/output/sales_analytics.duckdb
2025-11-15 00:59:16,089 - INFO - Initialized SyntheticDataGenerator with seed=42
2025-11-15 00:59:16,139 - INFO - Removed 11 rows containing null values
2025-11-15 00:59:16,141 - INFO - Removed columns: ['Row ID', 'Order ID', 'Order Date', 'Ship Date']  
2025-11-15 00:59:16,141 - INFO - loading data from Kaggle for an update of dates
2025-11-15 00:59:16,287 - INFO - Successfully updated the date in 9789 rows in the kaggle dataset
2025-11-15 00:59:16,293 - INFO - Generating 10000 synthetic rows...
2025-11-15 00:59:19,170 - INFO - Successfully generated 10000 synthetic rows
2025-11-15 00:59:19,188 - INFO - Combining 9789 Kaggle rows with 10000 synthetic rows
2025-11-15 00:59:19,253 - INFO - Could not find local file-backed GX project
2025-11-15 00:59:19,254 - INFO - Created temporary directory '/tmp/tmpq1cwhizv' for ephemeral docs site
2025-11-15 00:59:19,254 - INFO - Loading 'datasources' ->
[]
2025-11-15 00:59:19,331 - INFO - Data quality checks success=True
2025-11-15 00:59:19,373 - INFO - Saved enriched dataset to data/output/sales_enriched.parquet
2025-11-15 00:59:19,374 - INFO - Saved yearly summary to data/output/yearly.csv
2025-11-15 00:59:19,374 - INFO - Saved segment_yearly summary to data/output/segment_yearly.csv
2025-11-15 00:59:19,375 - INFO - Saved regional_revenue summary to data/output/regional_revenue.csv
2025-11-15 00:59:19,375 - INFO - Saved top_products summary to data/output/top_products.csv
2025-11-15 00:59:19,375 - INFO - Saved data quality report to data/output/quality_report.json
2025-11-15 00:59:19,407 - INFO - Load summary tables into data/output/sales_analytics.duckdb
2025-11-15 01:12:47,714 - INFO - Initialized SyntheticDataGenerator with seed=42
2025-11-15 01:12:47,760 - INFO - Removed 11 rows containing null values
2025-11-15 01:12:47,762 - INFO - Removed columns: ['Row ID', 'Order ID', 'Order Date', 'Ship Date']  
2025-11-15 01:13:16,681 - INFO - Initialized SyntheticDataGenerator with seed=42
2025-11-15 01:13:16,727 - INFO - Removed 11 rows containing null values
2025-11-15 01:13:16,728 - INFO - Removed columns: ['Row ID', 'Order ID', 'Order Date', 'Ship Date']  
2025-11-15 01:13:16,728 - INFO - loading data from Kaggle for an update of dates
2025-11-15 01:18:47,343 - INFO - Initialized SyntheticDataGenerator with seed=42
2025-11-15 01:18:47,388 - INFO - Removed 11 rows containing null values
2025-11-15 01:18:47,389 - INFO - Removed columns: ['Row ID', 'Order ID', 'Order Date', 'Ship Date']  
2025-11-15 01:18:47,389 - INFO - loading data from Kaggle for an update of dates
2025-11-15 01:19:40,245 - INFO - Initialized SyntheticDataGenerator with seed=42
2025-11-15 01:19:40,291 - INFO - Removed 11 rows containing null values
2025-11-15 01:19:40,292 - INFO - Removed columns: ['Row ID', 'Order ID', 'Order Date', 'Ship Date']  
2025-11-15 01:19:40,292 - INFO - loading data from Kaggle for an update of dates
2025-11-15 01:19:40,485 - INFO - Successfully updated the date in 9789 rows in the kaggle dataset
2025-11-15 01:19:40,489 - INFO - Generating 100000 synthetic rows...
2025-11-15 01:20:09,376 - INFO - Successfully generated 100000 synthetic rows
2025-11-15 01:20:09,480 - INFO - Combining 9789 Kaggle rows with 100000 synthetic rows
2025-11-15 01:20:09,596 - INFO - Could not find local file-backed GX project
2025-11-15 01:20:09,596 - INFO - Created temporary directory '/tmp/tmpr6rmdabs' for ephemeral docs site
2025-11-15 01:20:09,596 - INFO - Loading 'datasources' ->
[]
2025-11-15 01:20:09,866 - INFO - Data quality checks success=True
2025-11-15 01:20:10,021 - INFO - Saved enriched dataset to data/output/sales_enriched.parquet
2025-11-15 01:20:10,022 - INFO - Saved yearly summary to data/output/yearly.csv
2025-11-15 01:20:10,023 - INFO - Saved segment_yearly summary to data/output/segment_yearly.csv
2025-11-15 01:20:10,023 - INFO - Saved regional_revenue summary to data/output/regional_revenue.csv
2025-11-15 01:20:10,023 - INFO - Saved top_products summary to data/output/top_products.csv
2025-11-15 01:20:10,024 - INFO - Saved data quality report to data/output/quality_report.json
2025-11-15 01:20:10,056 - INFO - Load summary tables into data/output/sales_analytics.duckdb
2025-11-15 01:29:38,377 - INFO - Initialized SyntheticDataGenerator with seed=42
2025-11-15 01:29:38,426 - INFO - Removed 11 rows containing null values
2025-11-15 01:29:38,427 - INFO - Removed columns: ['Row ID', 'Order ID', 'Order Date', 'Ship Date']  
2025-11-15 01:29:38,427 - INFO - loading data from Kaggle for an update of dates
2025-11-15 01:29:38,576 - INFO - Successfully updated the date in 9789 rows in the kaggle dataset
2025-11-15 01:29:38,581 - INFO - Generating 100000 synthetic rows...
2025-11-15 01:30:07,140 - INFO - Successfully generated 100000 synthetic rows
2025-11-15 01:30:07,238 - INFO - Combining 9789 Kaggle rows with 100000 synthetic rows
2025-11-15 01:30:07,352 - INFO - Could not find local file-backed GX project
2025-11-15 01:30:07,353 - INFO - Created temporary directory '/tmp/tmp40mzaq52' for ephemeral docs site
2025-11-15 01:30:07,353 - INFO - Loading 'datasources' ->
[]
2025-11-15 01:30:07,617 - INFO - Data quality checks success=True
2025-11-15 01:30:07,785 - INFO - Saved enriched dataset to data/output/sales_enriched.parquet
2025-11-15 01:30:07,786 - INFO - Saved yearly summary to data/output/yearly.csv
2025-11-15 01:30:07,787 - INFO - Saved segment_yearly summary to data/output/segment_yearly.csv
2025-11-15 01:30:07,787 - INFO - Saved regional_revenue summary to data/output/regional_revenue.csv
2025-11-15 01:30:07,787 - INFO - Saved top_products summary to data/output/top_products.csv
2025-11-15 01:30:07,788 - INFO - Saved data quality report to data/output/quality_report.json
2025-11-15 01:30:07,819 - INFO - Load summary tables into data/output/sales_analytics.duckdb
